@!@!@STARTMSG 2262:0 @!@!@
TLC2 Version 2.20 of Day Month 20?? (rev: 0320106)
@!@!@ENDMSG 2262 @!@!@
@!@!@STARTMSG 2187:0 @!@!@
Running breadth-first search Model-Checking with fp 96 and seed 524357352032709822 with 8 workers on 16 cores with 1166MB heap and 2621MB offheap memory [pid: 8592] (Linux 6.8.0-50-generic amd64, AdoptOpenJDK 14.0.1 x86_64, OffHeapDiskFPSet, DiskStateQueue).
@!@!@ENDMSG 2187 @!@!@
@!@!@STARTMSG 2220:0 @!@!@
Starting SANY...
@!@!@ENDMSG 2220 @!@!@
Parsing file /home/duke-deuce/repos/practical-tla-plus-dusan/ch07/binarysearch.toolbox/binarysearch/MC.tla
Parsing file /home/duke-deuce/repos/practical-tla-plus-dusan/ch07/binarysearch.toolbox/binarysearch/binarysearch.tla
Parsing file /opt/TLA+Toolbox/plugins/org.lamport.tlatools_1.0.0.202412081644/tla2sany/StandardModules/TLC.tla
Parsing file /opt/TLA+Toolbox/plugins/org.lamport.tlatools_1.0.0.202412081644/tla2sany/StandardModules/Sequences.tla
Parsing file /opt/TLA+Toolbox/plugins/org.lamport.tlatools_1.0.0.202412081644/tla2sany/StandardModules/Integers.tla
Parsing file /opt/TLA+Toolbox/plugins/org.lamport.tlatools_1.0.0.202412081644/tla2sany/StandardModules/Naturals.tla
Parsing file /home/duke-deuce/repos/practical-tla-plus/PT/PT.tla
Parsing file /opt/TLA+Toolbox/plugins/org.lamport.tlatools_1.0.0.202412081644/tla2sany/StandardModules/FiniteSets.tla
Semantic processing of module Naturals
Semantic processing of module Sequences
Semantic processing of module Integers
Semantic processing of module FiniteSets
Semantic processing of module TLC
Semantic processing of module PT
Semantic processing of module binarysearch
Semantic processing of module MC
@!@!@STARTMSG 2219:0 @!@!@
SANY finished.
@!@!@ENDMSG 2219 @!@!@
@!@!@STARTMSG 2185:0 @!@!@
Starting... (2024-12-18 00:41:49)
@!@!@ENDMSG 2185 @!@!@
@!@!@STARTMSG 2189:0 @!@!@
Computing initial states...
@!@!@ENDMSG 2189 @!@!@
@!@!@STARTMSG 2269:0 @!@!@
Computed 2 initial states...
@!@!@ENDMSG 2269 @!@!@
@!@!@STARTMSG 2269:0 @!@!@
Computed 4 initial states...
@!@!@ENDMSG 2269 @!@!@
@!@!@STARTMSG 2269:0 @!@!@
Computed 8 initial states...
@!@!@ENDMSG 2269 @!@!@
@!@!@STARTMSG 2269:0 @!@!@
Computed 16 initial states...
@!@!@ENDMSG 2269 @!@!@
@!@!@STARTMSG 2269:0 @!@!@
Computed 32 initial states...
@!@!@ENDMSG 2269 @!@!@
@!@!@STARTMSG 2269:0 @!@!@
Computed 64 initial states...
@!@!@ENDMSG 2269 @!@!@
@!@!@STARTMSG 2269:0 @!@!@
Computed 128 initial states...
@!@!@ENDMSG 2269 @!@!@
@!@!@STARTMSG 2269:0 @!@!@
Computed 256 initial states...
@!@!@ENDMSG 2269 @!@!@
@!@!@STARTMSG 2190:0 @!@!@
Finished computing initial states: 280 distinct states generated at 2024-12-18 00:41:50.
@!@!@ENDMSG 2190 @!@!@
@!@!@STARTMSG 1000:1 @!@!@
TLC threw an unexpected exception.
This was probably caused by an error in the spec or model.
See the User Output or TLC Console for clues to what happened.
The exception was a java.lang.RuntimeException
: Attempted to apply function:
<<4, 1>>
to argument 0, which is not in the domain of the function.
@!@!@ENDMSG 1000 @!@!@
@!@!@STARTMSG 2121:1 @!@!@
The behavior up to this point is:
@!@!@ENDMSG 2121 @!@!@
@!@!@STARTMSG 2217:4 @!@!@
1: <Initial predicate>
/\ low = 1
/\ counter = 0
/\ target = 1
/\ seq = <<4, 1>>
/\ pc = "Search"
/\ high = 2
/\ found_index = 0

@!@!@ENDMSG 2217 @!@!@
@!@!@STARTMSG 2217:4 @!@!@
2: <Search line 70, col 11 to line 87, col 40 of module binarysearch>
/\ low = 1
/\ counter = 1
/\ target = 1
/\ seq = <<4, 1>>
/\ pc = "Search"
/\ high = 0
/\ found_index = 0

@!@!@ENDMSG 2217 @!@!@
@!@!@STARTMSG 2217:4 @!@!@
3: <Search line 70, col 11 to line 87, col 40 of module binarysearch>
/\ low = 1
/\ counter = 1
/\ target = 1
/\ seq = <<4, 1>>
/\ pc = "Result"
/\ high = 0
/\ found_index = 0

@!@!@ENDMSG 2217 @!@!@
@!@!@STARTMSG 2103:1 @!@!@
The error occurred when TLC was evaluating the nested
expressions at the following positions:
0. Line 89, column 11 to line 100, column 73 in binarysearch
1. Line 89, column 14 to line 89, column 26 in binarysearch
2. Line 90, column 14 to line 93, column 28 in binarysearch
3. Line 91, column 22 to line 92, column 76 in binarysearch
4. Line 91, column 25 to line 92, column 76 in binarysearch
5. Line 94, column 14 to line 98, column 76 in binarysearch
6. Line 95, column 22 to line 96, column 76 in binarysearch
7. Line 95, column 25 to line 96, column 76 in binarysearch
8. Line 95, column 32 to line 95, column 56 in binarysearch
9. Line 95, column 32 to line 95, column 47 in binarysearch


@!@!@ENDMSG 2103 @!@!@
@!@!@STARTMSG 2201:0 @!@!@
The coverage statistics at 2024-12-18 00:41:50
@!@!@ENDMSG 2201 @!@!@
@!@!@STARTMSG 2773:0 @!@!@
<Init line 61, col 1 to line 61, col 4 of module binarysearch>: 2800:2800
@!@!@ENDMSG 2773 @!@!@
@!@!@STARTMSG 2221:0 @!@!@
  line 63, col 20 to line 63, col 50 of module binarysearch: 10
@!@!@ENDMSG 2221 @!@!@
@!@!@STARTMSG 2775:0 @!@!@
  |line 6, col 5 to line 8, col 32 of module binarysearch: 10:3410
@!@!@ENDMSG 2775 @!@!@
@!@!@STARTMSG 2221:0 @!@!@
  ||line 7, col 9 to line 8, col 30 of module binarysearch: 3410
@!@!@ENDMSG 2221 @!@!@
@!@!@STARTMSG 2221:0 @!@!@
  |||line 8, col 13 to line 8, col 30 of module binarysearch: 6160
@!@!@ENDMSG 2221 @!@!@
@!@!@STARTMSG 2221:0 @!@!@
  |||line 7, col 18 to line 7, col 28 of module binarysearch: 3410
@!@!@ENDMSG 2221 @!@!@
@!@!@STARTMSG 2221:0 @!@!@
  ||line 6, col 14 to line 6, col 29 of module binarysearch: 10
@!@!@ENDMSG 2221 @!@!@
@!@!@STARTMSG 2221:0 @!@!@
  |||line 57, col 18 to line 57, col 53 of module PT: 10
@!@!@ENDMSG 2221 @!@!@
@!@!@STARTMSG 2775:0 @!@!@
  ||||line 57, col 24 to line 57, col 53 of module PT: 10:3510
@!@!@ENDMSG 2775 @!@!@
@!@!@STARTMSG 2221:0 @!@!@
  |||||line 57, col 25 to line 57, col 39 of module PT: 50
@!@!@ENDMSG 2221 @!@!@
@!@!@STARTMSG 2775:0 @!@!@
  ||||||line 52, col 20 to line 52, col 32 of module PT: 50:19390
@!@!@ENDMSG 2775 @!@!@
@!@!@STARTMSG 2221:0 @!@!@
  |||||||line 52, col 21 to line 52, col 24 of module PT: 50
@!@!@ENDMSG 2221 @!@!@
@!@!@STARTMSG 2221:0 @!@!@
  |||||||line 52, col 29 to line 52, col 31 of module PT: 50
@!@!@ENDMSG 2221 @!@!@
@!@!@STARTMSG 2221:0 @!@!@
  ||||||line 57, col 33 to line 57, col 35 of module PT: 50
@!@!@ENDMSG 2221 @!@!@
@!@!@STARTMSG 2221:0 @!@!@
  ||||||line 57, col 38 to line 57, col 38 of module PT: 50
@!@!@ENDMSG 2221 @!@!@
@!@!@STARTMSG 2221:0 @!@!@
  |||||line 57, col 49 to line 57, col 52 of module PT: 10
@!@!@ENDMSG 2221 @!@!@
@!@!@STARTMSG 2221:0 @!@!@
  |||line 6, col 23 to line 6, col 25 of module binarysearch: 10
@!@!@ENDMSG 2221 @!@!@
@!@!@STARTMSG 2221:0 @!@!@
  |||line 6, col 28 to line 6, col 28 of module binarysearch: 10
@!@!@ENDMSG 2221 @!@!@
@!@!@STARTMSG 2221:0 @!@!@
  |line 63, col 33 to line 63, col 41 of module binarysearch: 10
@!@!@ENDMSG 2221 @!@!@
@!@!@STARTMSG 2221:0 @!@!@
  |line 63, col 44 to line 63, col 49 of module binarysearch: 10
@!@!@ENDMSG 2221 @!@!@
@!@!@STARTMSG 2221:0 @!@!@
  line 64, col 12 to line 64, col 26 of module binarysearch: 700
@!@!@ENDMSG 2221 @!@!@
@!@!@STARTMSG 2221:0 @!@!@
  line 65, col 12 to line 65, col 31 of module binarysearch: 700
@!@!@ENDMSG 2221 @!@!@
@!@!@STARTMSG 2221:0 @!@!@
  line 68, col 12 to line 68, col 24 of module binarysearch: 2800
@!@!@ENDMSG 2221 @!@!@
@!@!@STARTMSG 2772:0 @!@!@
<Search line 70, col 1 to line 70, col 6 of module binarysearch>: 662:682
@!@!@ENDMSG 2772 @!@!@
@!@!@STARTMSG 2221:0 @!@!@
  line 70, col 14 to line 70, col 26 of module binarysearch: 1584
@!@!@ENDMSG 2221 @!@!@
@!@!@STARTMSG 2221:0 @!@!@
  |line 70, col 14 to line 70, col 15 of module binarysearch: 902
@!@!@ENDMSG 2221 @!@!@
@!@!@STARTMSG 2221:0 @!@!@
  line 71, col 17 to line 71, col 27 of module binarysearch: 682
@!@!@ENDMSG 2221 @!@!@
@!@!@STARTMSG 2221:0 @!@!@
  line 72, col 25 to line 72, col 46 of module binarysearch: 504
@!@!@ENDMSG 2221 @!@!@
@!@!@STARTMSG 2221:0 @!@!@
  line 74, col 30 to line 74, col 44 of module binarysearch: 504
@!@!@ENDMSG 2221 @!@!@
@!@!@STARTMSG 2221:0 @!@!@
  line 75, col 38 to line 75, col 53 of module binarysearch: 69
@!@!@ENDMSG 2221 @!@!@
@!@!@STARTMSG 2221:0 @!@!@
  line 76, col 38 to line 76, col 51 of module binarysearch: 69
@!@!@ENDMSG 2221 @!@!@
@!@!@STARTMSG 2221:0 @!@!@
  line 77, col 38 to line 77, col 62 of module binarysearch: 69
@!@!@ENDMSG 2221 @!@!@
@!@!@STARTMSG 2221:0 @!@!@
  line 78, col 41 to line 78, col 55 of module binarysearch: 435
@!@!@ENDMSG 2221 @!@!@
@!@!@STARTMSG 2221:0 @!@!@
  line 79, col 46 to line 80, col 60 of module binarysearch: 214
@!@!@ENDMSG 2221 @!@!@
@!@!@STARTMSG 2221:0 @!@!@
  line 81, col 46 to line 82, col 58 of module binarysearch: 221
@!@!@ENDMSG 2221 @!@!@
@!@!@STARTMSG 2221:0 @!@!@
  line 83, col 38 to line 83, col 51 of module binarysearch: 435
@!@!@ENDMSG 2221 @!@!@
@!@!@STARTMSG 2221:0 @!@!@
  line 84, col 38 to line 84, col 58 of module binarysearch: 435
@!@!@ENDMSG 2221 @!@!@
@!@!@STARTMSG 2221:0 @!@!@
  line 85, col 25 to line 85, col 38 of module binarysearch: 178
@!@!@ENDMSG 2221 @!@!@
@!@!@STARTMSG 2221:0 @!@!@
  line 86, col 25 to line 86, col 71 of module binarysearch: 178
@!@!@ENDMSG 2221 @!@!@
@!@!@STARTMSG 2221:0 @!@!@
  line 87, col 14 to line 87, col 40 of module binarysearch: 682
@!@!@ENDMSG 2221 @!@!@
@!@!@STARTMSG 2772:0 @!@!@
<Result line 89, col 1 to line 89, col 6 of module binarysearch>: 114:114
@!@!@ENDMSG 2772 @!@!@
@!@!@STARTMSG 2221:0 @!@!@
  line 89, col 14 to line 89, col 26 of module binarysearch: 996
@!@!@ENDMSG 2221 @!@!@
@!@!@STARTMSG 2221:0 @!@!@
  |line 89, col 14 to line 89, col 15 of module binarysearch: 882
@!@!@ENDMSG 2221 @!@!@
@!@!@STARTMSG 2221:0 @!@!@
  line 90, col 17 to line 90, col 28 of module binarysearch: 123
@!@!@ENDMSG 2221 @!@!@
@!@!@STARTMSG 2221:0 @!@!@
  line 91, col 25 to line 92, col 76 of module binarysearch: 110
@!@!@ENDMSG 2221 @!@!@
@!@!@STARTMSG 2221:0 @!@!@
  |line 91, col 32 to line 91, col 58 of module binarysearch: 119
@!@!@ENDMSG 2221 @!@!@
@!@!@STARTMSG 2221:0 @!@!@
  line 93, col 22 to line 93, col 28 of module binarysearch: 4
@!@!@ENDMSG 2221 @!@!@
@!@!@STARTMSG 2221:0 @!@!@
  line 94, col 17 to line 94, col 37 of module binarysearch: 123
@!@!@ENDMSG 2221 @!@!@
@!@!@STARTMSG 2221:0 @!@!@
  |line 94, col 17 to line 94, col 22 of module binarysearch: 123
@!@!@ENDMSG 2221 @!@!@
@!@!@STARTMSG 2221:0 @!@!@
  |line 94, col 28 to line 94, col 37 of module binarysearch: 123
@!@!@ENDMSG 2221 @!@!@
@!@!@STARTMSG 2221:0 @!@!@
  ||line 10, col 13 to line 10, col 34 of module binarysearch: 123
@!@!@ENDMSG 2221 @!@!@
@!@!@STARTMSG 2221:0 @!@!@
  |||line 10, col 14 to line 10, col 17 of module binarysearch: 319
@!@!@ENDMSG 2221 @!@!@
@!@!@STARTMSG 2221:0 @!@!@
  |||line 10, col 26 to line 10, col 33 of module binarysearch: 123
@!@!@ENDMSG 2221 @!@!@
@!@!@STARTMSG 2221:0 @!@!@
  ||line 94, col 34 to line 94, col 36 of module binarysearch: 123
@!@!@ENDMSG 2221 @!@!@
@!@!@STARTMSG 2221:0 @!@!@
  line 95, col 25 to line 96, col 76 of module binarysearch: 69
@!@!@ENDMSG 2221 @!@!@
@!@!@STARTMSG 2221:0 @!@!@
  |line 95, col 32 to line 95, col 56 of module binarysearch: 78
@!@!@ENDMSG 2221 @!@!@
@!@!@STARTMSG 2221:0 @!@!@
  ||line 95, col 32 to line 95, col 47 of module binarysearch: 78
@!@!@ENDMSG 2221 @!@!@
@!@!@STARTMSG 2221:0 @!@!@
  ||line 95, col 51 to line 95, col 56 of module binarysearch: 69
@!@!@ENDMSG 2221 @!@!@
@!@!@STARTMSG 2221:0 @!@!@
  line 97, col 22 to line 98, col 76 of module binarysearch: 45
@!@!@ENDMSG 2221 @!@!@
@!@!@STARTMSG 2221:0 @!@!@
  line 99, col 14 to line 99, col 25 of module binarysearch: 114
@!@!@ENDMSG 2221 @!@!@
@!@!@STARTMSG 2221:0 @!@!@
  line 100, col 14 to line 100, col 73 of module binarysearch: 114
@!@!@ENDMSG 2221 @!@!@
@!@!@STARTMSG 2772:0 @!@!@
<Terminating line 103, col 1 to line 103, col 11 of module binarysearch>: 0:97
@!@!@ENDMSG 2772 @!@!@
@!@!@STARTMSG 2221:0 @!@!@
  line 103, col 16 to line 103, col 26 of module binarysearch: 970
@!@!@ENDMSG 2221 @!@!@
@!@!@STARTMSG 2221:0 @!@!@
  |line 103, col 16 to line 103, col 17 of module binarysearch: 873
@!@!@ENDMSG 2221 @!@!@
@!@!@STARTMSG 2221:0 @!@!@
  line 103, col 31 to line 103, col 44 of module binarysearch: 97
@!@!@ENDMSG 2221 @!@!@
@!@!@STARTMSG 2202:0 @!@!@
End of statistics.
@!@!@ENDMSG 2202 @!@!@
@!@!@STARTMSG 2200:0 @!@!@
Progress(5) at 2024-12-18 00:41:50: 1,153 states generated (53,503 s/min), 1,056 distinct states found (49,002 ds/min), 175 states left on queue.
@!@!@ENDMSG 2200 @!@!@
@!@!@STARTMSG 2199:0 @!@!@
1153 states generated, 1056 distinct states found, 175 states left on queue.
@!@!@ENDMSG 2199 @!@!@
@!@!@STARTMSG 2194:0 @!@!@
The depth of the complete state graph search is 5.
@!@!@ENDMSG 2194 @!@!@
@!@!@STARTMSG 2186:0 @!@!@
Finished in 1302ms at (2024-12-18 00:41:50)
@!@!@ENDMSG 2186 @!@!@
