@!@!@STARTMSG 2262:0 @!@!@
TLC2 Version 2.20 of Day Month 20?? (rev: 0320106)
@!@!@ENDMSG 2262 @!@!@
@!@!@STARTMSG 2187:0 @!@!@
Running breadth-first search Model-Checking with fp 84 and seed -7545713366178855247 with 8 workers on 16 cores with 1166MB heap and 2621MB offheap memory [pid: 37235] (Linux 6.8.0-49-generic amd64, AdoptOpenJDK 14.0.1 x86_64, OffHeapDiskFPSet, DiskStateQueue).
@!@!@ENDMSG 2187 @!@!@
@!@!@STARTMSG 2220:0 @!@!@
Starting SANY...
@!@!@ENDMSG 2220 @!@!@
Parsing file /home/duke-deuce/repos/practical-tla-plus-dusan/ch05/chapter05_2.toolbox/Model_1/MC.tla
Parsing file /home/duke-deuce/repos/practical-tla-plus-dusan/ch05/chapter05_2.toolbox/Model_1/chapter05_2.tla
Parsing file /opt/TLA+Toolbox/plugins/org.lamport.tlatools_1.0.0.202412081644/tla2sany/StandardModules/TLC.tla
Parsing file /opt/TLA+Toolbox/plugins/org.lamport.tlatools_1.0.0.202412081644/tla2sany/StandardModules/Integers.tla
Parsing file /opt/TLA+Toolbox/plugins/org.lamport.tlatools_1.0.0.202412081644/tla2sany/StandardModules/Naturals.tla
Parsing file /opt/TLA+Toolbox/plugins/org.lamport.tlatools_1.0.0.202412081644/tla2sany/StandardModules/Sequences.tla
Parsing file /opt/TLA+Toolbox/plugins/org.lamport.tlatools_1.0.0.202412081644/tla2sany/StandardModules/FiniteSets.tla
Semantic processing of module Naturals
Semantic processing of module Integers
Semantic processing of module chapter05_2
Semantic processing of module Sequences
Semantic processing of module FiniteSets
Semantic processing of module TLC
Semantic processing of module MC
@!@!@STARTMSG 2219:0 @!@!@
SANY finished.
@!@!@ENDMSG 2219 @!@!@
@!@!@STARTMSG 2185:0 @!@!@
Starting... (2024-12-16 13:42:37)
@!@!@ENDMSG 2185 @!@!@
@!@!@STARTMSG 2189:0 @!@!@
Computing initial states...
@!@!@ENDMSG 2189 @!@!@
@!@!@STARTMSG 2269:0 @!@!@
Computed 2 initial states...
@!@!@ENDMSG 2269 @!@!@
@!@!@STARTMSG 2190:0 @!@!@
Finished computing initial states: 4 distinct states generated at 2024-12-16 13:42:38.
@!@!@ENDMSG 2190 @!@!@
@!@!@STARTMSG 2110:1 @!@!@
Invariant ResourceInvariant is violated.
@!@!@ENDMSG 2110 @!@!@
@!@!@STARTMSG 2121:1 @!@!@
The behavior up to this point is:
@!@!@ENDMSG 2121 @!@!@
@!@!@STARTMSG 2217:4 @!@!@
1: <Initial predicate>
/\ resources_left = 6
/\ pc = (a1 :> "WaitForResources" @@ a2 :> "WaitForResources" @@ "time" :> "Tick")
/\ resources_needed = (a1 :> 1 @@ a2 :> 2)

@!@!@ENDMSG 2217 @!@!@
@!@!@STARTMSG 2217:4 @!@!@
2: <WaitForResources(a1) line 63, col 27 to line 66, col 77 of module chapter05_2>
/\ resources_left = 6
/\ pc = (a1 :> "UseResources" @@ a2 :> "WaitForResources" @@ "time" :> "Tick")
/\ resources_needed = (a1 :> 1 @@ a2 :> 2)

@!@!@ENDMSG 2217 @!@!@
@!@!@STARTMSG 2217:4 @!@!@
3: <UseResources(a1) line 68, col 23 to line 76, col 60 of module chapter05_2>
/\ resources_left = 5
/\ pc = (a1 :> "UseResources" @@ a2 :> "WaitForResources" @@ "time" :> "Tick")
/\ resources_needed = (a1 :> 0 @@ a2 :> 2)

@!@!@ENDMSG 2217 @!@!@
@!@!@STARTMSG 2217:4 @!@!@
4: <UseResources(a1) line 68, col 23 to line 76, col 60 of module chapter05_2>
/\ resources_left = 5
/\ pc = (a1 :> "WaitForResources" @@ a2 :> "WaitForResources" @@ "time" :> "Tick")
/\ resources_needed = (a1 :> 2 @@ a2 :> 2)

@!@!@ENDMSG 2217 @!@!@
@!@!@STARTMSG 2217:4 @!@!@
5: <WaitForResources(a2) line 63, col 27 to line 66, col 77 of module chapter05_2>
/\ resources_left = 5
/\ pc = (a1 :> "WaitForResources" @@ a2 :> "UseResources" @@ "time" :> "Tick")
/\ resources_needed = (a1 :> 2 @@ a2 :> 2)

@!@!@ENDMSG 2217 @!@!@
@!@!@STARTMSG 2217:4 @!@!@
6: <WaitForResources(a1) line 63, col 27 to line 66, col 77 of module chapter05_2>
/\ resources_left = 5
/\ pc = (a1 :> "UseResources" @@ a2 :> "UseResources" @@ "time" :> "Tick")
/\ resources_needed = (a1 :> 2 @@ a2 :> 2)

@!@!@ENDMSG 2217 @!@!@
@!@!@STARTMSG 2217:4 @!@!@
7: <UseResources(a1) line 68, col 23 to line 76, col 60 of module chapter05_2>
/\ resources_left = 4
/\ pc = (a1 :> "UseResources" @@ a2 :> "UseResources" @@ "time" :> "Tick")
/\ resources_needed = (a1 :> 1 @@ a2 :> 2)

@!@!@ENDMSG 2217 @!@!@
@!@!@STARTMSG 2217:4 @!@!@
8: <UseResources(a1) line 68, col 23 to line 76, col 60 of module chapter05_2>
/\ resources_left = 3
/\ pc = (a1 :> "UseResources" @@ a2 :> "UseResources" @@ "time" :> "Tick")
/\ resources_needed = (a1 :> 0 @@ a2 :> 2)

@!@!@ENDMSG 2217 @!@!@
@!@!@STARTMSG 2217:4 @!@!@
9: <UseResources(a1) line 68, col 23 to line 76, col 60 of module chapter05_2>
/\ resources_left = 3
/\ pc = (a1 :> "WaitForResources" @@ a2 :> "UseResources" @@ "time" :> "Tick")
/\ resources_needed = (a1 :> 2 @@ a2 :> 2)

@!@!@ENDMSG 2217 @!@!@
@!@!@STARTMSG 2217:4 @!@!@
10: <WaitForResources(a1) line 63, col 27 to line 66, col 77 of module chapter05_2>
/\ resources_left = 3
/\ pc = (a1 :> "UseResources" @@ a2 :> "UseResources" @@ "time" :> "Tick")
/\ resources_needed = (a1 :> 2 @@ a2 :> 2)

@!@!@ENDMSG 2217 @!@!@
@!@!@STARTMSG 2217:4 @!@!@
11: <UseResources(a2) line 68, col 23 to line 76, col 60 of module chapter05_2>
/\ resources_left = 2
/\ pc = (a1 :> "UseResources" @@ a2 :> "UseResources" @@ "time" :> "Tick")
/\ resources_needed = (a1 :> 2 @@ a2 :> 1)

@!@!@ENDMSG 2217 @!@!@
@!@!@STARTMSG 2217:4 @!@!@
12: <UseResources(a2) line 68, col 23 to line 76, col 60 of module chapter05_2>
/\ resources_left = 1
/\ pc = (a1 :> "UseResources" @@ a2 :> "UseResources" @@ "time" :> "Tick")
/\ resources_needed = (a1 :> 2 @@ a2 :> 0)

@!@!@ENDMSG 2217 @!@!@
@!@!@STARTMSG 2217:4 @!@!@
13: <UseResources(a1) line 68, col 23 to line 76, col 60 of module chapter05_2>
/\ resources_left = 0
/\ pc = (a1 :> "UseResources" @@ a2 :> "UseResources" @@ "time" :> "Tick")
/\ resources_needed = (a1 :> 1 @@ a2 :> 0)

@!@!@ENDMSG 2217 @!@!@
@!@!@STARTMSG 2217:4 @!@!@
14: <UseResources(a1) line 68, col 23 to line 76, col 60 of module chapter05_2>
/\ resources_left = -1
/\ pc = (a1 :> "UseResources" @@ a2 :> "UseResources" @@ "time" :> "Tick")
/\ resources_needed = (a1 :> 0 @@ a2 :> 0)

@!@!@ENDMSG 2217 @!@!@
@!@!@STARTMSG 2201:0 @!@!@
The coverage statistics at 2024-12-16 13:42:38
@!@!@ENDMSG 2201 @!@!@
@!@!@STARTMSG 2773:0 @!@!@
<Init line 56, col 1 to line 56, col 4 of module chapter05_2>: 40:40
@!@!@ENDMSG 2773 @!@!@
@!@!@STARTMSG 2221:0 @!@!@
  line 57, col 12 to line 57, col 39 of module chapter05_2: 10
@!@!@ENDMSG 2221 @!@!@
@!@!@STARTMSG 2775:0 @!@!@
  line 59, col 33 to line 59, col 61 of module chapter05_2: 10:80
@!@!@ENDMSG 2775 @!@!@
@!@!@STARTMSG 2221:0 @!@!@
  |line 59, col 34 to line 59, col 39 of module chapter05_2: 10
@!@!@ENDMSG 2221 @!@!@
@!@!@STARTMSG 2221:0 @!@!@
  |line 59, col 44 to line 59, col 60 of module chapter05_2: 10
@!@!@ENDMSG 2221 @!@!@
@!@!@STARTMSG 2221:0 @!@!@
  line 60, col 12 to line 61, col 67 of module chapter05_2: 40
@!@!@ENDMSG 2221 @!@!@
@!@!@STARTMSG 2775:0 @!@!@
  |line 60, col 17 to line 61, col 67 of module chapter05_2: 40:120
@!@!@ENDMSG 2775 @!@!@
@!@!@STARTMSG 2221:0 @!@!@
  ||line 60, col 27 to line 60, col 33 of module chapter05_2: 40
@!@!@ENDMSG 2221 @!@!@
@!@!@STARTMSG 2772:0 @!@!@
<WaitForResources line 63, col 1 to line 63, col 22 of module chapter05_2>: 43:158
@!@!@ENDMSG 2772 @!@!@
@!@!@STARTMSG 2221:0 @!@!@
  line 63, col 30 to line 63, col 58 of module chapter05_2: 650
@!@!@ENDMSG 2221 @!@!@
@!@!@STARTMSG 2221:0 @!@!@
  |line 63, col 30 to line 63, col 37 of module chapter05_2: 492
@!@!@ENDMSG 2221 @!@!@
@!@!@STARTMSG 2221:0 @!@!@
  line 64, col 30 to line 64, col 69 of module chapter05_2: 158
@!@!@ENDMSG 2221 @!@!@
@!@!@STARTMSG 2221:0 @!@!@
  |line 64, col 30 to line 64, col 43 of module chapter05_2: 186
@!@!@ENDMSG 2221 @!@!@
@!@!@STARTMSG 2221:0 @!@!@
  |line 64, col 48 to line 64, col 69 of module chapter05_2: 186
@!@!@ENDMSG 2221 @!@!@
@!@!@STARTMSG 2221:0 @!@!@
  line 65, col 30 to line 65, col 71 of module chapter05_2: 158
@!@!@ENDMSG 2221 @!@!@
@!@!@STARTMSG 2221:0 @!@!@
  line 66, col 30 to line 66, col 77 of module chapter05_2: 158
@!@!@ENDMSG 2221 @!@!@
@!@!@STARTMSG 2772:0 @!@!@
<UseResources line 68, col 1 to line 68, col 18 of module chapter05_2>: 124:397
@!@!@ENDMSG 2772 @!@!@
@!@!@STARTMSG 2221:0 @!@!@
  line 68, col 26 to line 68, col 50 of module chapter05_2: 754
@!@!@ENDMSG 2221 @!@!@
@!@!@STARTMSG 2221:0 @!@!@
  |line 68, col 26 to line 68, col 33 of module chapter05_2: 456
@!@!@ENDMSG 2221 @!@!@
@!@!@STARTMSG 2221:0 @!@!@
  line 69, col 29 to line 69, col 54 of module chapter05_2: 306
@!@!@ENDMSG 2221 @!@!@
@!@!@STARTMSG 2221:0 @!@!@
  line 70, col 37 to line 70, col 72 of module chapter05_2: 207
@!@!@ENDMSG 2221 @!@!@
@!@!@STARTMSG 2221:0 @!@!@
  |line 70, col 55 to line 70, col 72 of module chapter05_2: 215
@!@!@ENDMSG 2221 @!@!@
@!@!@STARTMSG 2221:0 @!@!@
  line 71, col 37 to line 71, col 118 of module chapter05_2: 207
@!@!@ENDMSG 2221 @!@!@
@!@!@STARTMSG 2221:0 @!@!@
  |line 71, col 57 to line 71, col 118 of module chapter05_2: 215
@!@!@ENDMSG 2221 @!@!@
@!@!@STARTMSG 2221:0 @!@!@
  line 72, col 37 to line 72, col 78 of module chapter05_2: 207
@!@!@ENDMSG 2221 @!@!@
@!@!@STARTMSG 2221:0 @!@!@
  |line 72, col 43 to line 72, col 78 of module chapter05_2: 215
@!@!@ENDMSG 2221 @!@!@
@!@!@STARTMSG 2221:0 @!@!@
  line 74, col 39 to line 74, col 95 of module chapter05_2: 182
@!@!@ENDMSG 2221 @!@!@
@!@!@STARTMSG 2221:0 @!@!@
  line 73, col 46 to line 73, col 62 of module chapter05_2: 91
@!@!@ENDMSG 2221 @!@!@
@!@!@STARTMSG 2221:0 @!@!@
  line 75, col 37 to line 75, col 82 of module chapter05_2: 182
@!@!@ENDMSG 2221 @!@!@
@!@!@STARTMSG 2221:0 @!@!@
  line 76, col 37 to line 76, col 60 of module chapter05_2: 182
@!@!@ENDMSG 2221 @!@!@
@!@!@STARTMSG 2772:0 @!@!@
<Tick line 80, col 1 to line 80, col 4 of module chapter05_2>: 6:290
@!@!@ENDMSG 2772 @!@!@
@!@!@STARTMSG 2221:0 @!@!@
  line 80, col 12 to line 80, col 30 of module chapter05_2: 580
@!@!@ENDMSG 2221 @!@!@
@!@!@STARTMSG 2221:0 @!@!@
  |line 80, col 12 to line 80, col 21 of module chapter05_2: 290
@!@!@ENDMSG 2221 @!@!@
@!@!@STARTMSG 2221:0 @!@!@
  line 81, col 12 to line 81, col 40 of module chapter05_2: 290
@!@!@ENDMSG 2221 @!@!@
@!@!@STARTMSG 2221:0 @!@!@
  line 82, col 12 to line 82, col 47 of module chapter05_2: 290
@!@!@ENDMSG 2221 @!@!@
@!@!@STARTMSG 2221:0 @!@!@
  line 83, col 12 to line 83, col 37 of module chapter05_2: 290
@!@!@ENDMSG 2221 @!@!@
@!@!@STARTMSG 2774:0 @!@!@
<ResourceInvariant line 48, col 1 to line 48, col 17 of module chapter05_2>
@!@!@ENDMSG 2774 @!@!@
@!@!@STARTMSG 2221:0 @!@!@
  line 48, col 22 to line 48, col 40 of module chapter05_2: 177
@!@!@ENDMSG 2221 @!@!@
@!@!@STARTMSG 2202:0 @!@!@
End of statistics.
@!@!@ENDMSG 2202 @!@!@
@!@!@STARTMSG 2200:0 @!@!@
Progress(15) at 2024-12-16 13:42:38: 546 states generated (29,781 s/min), 177 distinct states found (9,654 ds/min), 1 states left on queue.
@!@!@ENDMSG 2200 @!@!@
@!@!@STARTMSG 2199:0 @!@!@
546 states generated, 177 distinct states found, 1 states left on queue.
@!@!@ENDMSG 2199 @!@!@
@!@!@STARTMSG 2194:0 @!@!@
The depth of the complete state graph search is 15.
@!@!@ENDMSG 2194 @!@!@
@!@!@STARTMSG 2186:0 @!@!@
Finished in 1107ms at (2024-12-16 13:42:38)
@!@!@ENDMSG 2186 @!@!@
