@!@!@STARTMSG 2262:0 @!@!@
TLC2 Version 2.20 of Day Month 20?? (rev: 0320106)
@!@!@ENDMSG 2262 @!@!@
@!@!@STARTMSG 2187:0 @!@!@
Running breadth-first search Model-Checking with fp 117 and seed 591169706195223159 with 8 workers on 16 cores with 1166MB heap and 2621MB offheap memory [pid: 34849] (Linux 6.8.0-49-generic amd64, AdoptOpenJDK 14.0.1 x86_64, OffHeapDiskFPSet, DiskStateQueue).
@!@!@ENDMSG 2187 @!@!@
@!@!@STARTMSG 2220:0 @!@!@
Starting SANY...
@!@!@ENDMSG 2220 @!@!@
Parsing file /home/duke-deuce/repos/practical-tla-plus-dusan/ch05/chapter05_2.toolbox/Model_1/MC.tla
Parsing file /home/duke-deuce/repos/practical-tla-plus-dusan/ch05/chapter05_2.toolbox/Model_1/chapter05_2.tla
Parsing file /opt/TLA+Toolbox/plugins/org.lamport.tlatools_1.0.0.202412081644/tla2sany/StandardModules/TLC.tla
Parsing file /opt/TLA+Toolbox/plugins/org.lamport.tlatools_1.0.0.202412081644/tla2sany/StandardModules/Integers.tla
Parsing file /opt/TLA+Toolbox/plugins/org.lamport.tlatools_1.0.0.202412081644/tla2sany/StandardModules/Naturals.tla
Parsing file /opt/TLA+Toolbox/plugins/org.lamport.tlatools_1.0.0.202412081644/tla2sany/StandardModules/Sequences.tla
Parsing file /opt/TLA+Toolbox/plugins/org.lamport.tlatools_1.0.0.202412081644/tla2sany/StandardModules/FiniteSets.tla
Semantic processing of module Naturals
Semantic processing of module Integers
Semantic processing of module chapter05_2
Semantic processing of module Sequences
Semantic processing of module FiniteSets
Semantic processing of module TLC
Semantic processing of module MC
@!@!@STARTMSG 2219:0 @!@!@
SANY finished.
@!@!@ENDMSG 2219 @!@!@
@!@!@STARTMSG 2185:0 @!@!@
Starting... (2024-12-16 12:25:04)
@!@!@ENDMSG 2185 @!@!@
@!@!@STARTMSG 2189:0 @!@!@
Computing initial states...
@!@!@ENDMSG 2189 @!@!@
@!@!@STARTMSG 2190:0 @!@!@
Finished computing initial states: 2 distinct states generated at 2024-12-16 12:25:05.
@!@!@ENDMSG 2190 @!@!@
@!@!@STARTMSG 2110:1 @!@!@
Invariant ResourceInvariant is violated.
@!@!@ENDMSG 2110 @!@!@
@!@!@STARTMSG 2121:1 @!@!@
The behavior up to this point is:
@!@!@ENDMSG 2121 @!@!@
@!@!@STARTMSG 2217:4 @!@!@
1: <Initial predicate>
/\ resources_left = 6
/\ resources_needed = 2

@!@!@ENDMSG 2217 @!@!@
@!@!@STARTMSG 2217:4 @!@!@
2: <actor line 43, col 10 to line 44, col 38 of module chapter05_2>
/\ resources_left = 4
/\ resources_needed = 2

@!@!@ENDMSG 2217 @!@!@
@!@!@STARTMSG 2217:4 @!@!@
3: <actor line 43, col 10 to line 44, col 38 of module chapter05_2>
/\ resources_left = 2
/\ resources_needed = 2

@!@!@ENDMSG 2217 @!@!@
@!@!@STARTMSG 2217:4 @!@!@
4: <actor line 43, col 10 to line 44, col 38 of module chapter05_2>
/\ resources_left = 0
/\ resources_needed = 2

@!@!@ENDMSG 2217 @!@!@
@!@!@STARTMSG 2217:4 @!@!@
5: <actor line 43, col 10 to line 44, col 38 of module chapter05_2>
/\ resources_left = -2
/\ resources_needed = 2

@!@!@ENDMSG 2217 @!@!@
@!@!@STARTMSG 2201:0 @!@!@
The coverage statistics at 2024-12-16 12:25:05
@!@!@ENDMSG 2201 @!@!@
@!@!@STARTMSG 2773:0 @!@!@
<Init line 38, col 1 to line 38, col 4 of module chapter05_2>: 8:8
@!@!@ENDMSG 2773 @!@!@
@!@!@STARTMSG 2221:0 @!@!@
  line 39, col 12 to line 39, col 39 of module chapter05_2: 4
@!@!@ENDMSG 2221 @!@!@
@!@!@STARTMSG 2221:0 @!@!@
  line 41, col 12 to line 41, col 49 of module chapter05_2: 8
@!@!@ENDMSG 2221 @!@!@
@!@!@STARTMSG 2221:0 @!@!@
  |line 41, col 33 to line 41, col 49 of module chapter05_2: 4
@!@!@ENDMSG 2221 @!@!@
@!@!@STARTMSG 2772:0 @!@!@
<actor line 43, col 1 to line 43, col 5 of module chapter05_2>: 11:26
@!@!@ENDMSG 2772 @!@!@
@!@!@STARTMSG 2221:0 @!@!@
  line 43, col 13 to line 43, col 63 of module chapter05_2: 24
@!@!@ENDMSG 2221 @!@!@
@!@!@STARTMSG 2221:0 @!@!@
  |line 43, col 31 to line 43, col 63 of module chapter05_2: 26
@!@!@ENDMSG 2221 @!@!@
@!@!@STARTMSG 2221:0 @!@!@
  line 44, col 13 to line 44, col 38 of module chapter05_2: 24
@!@!@ENDMSG 2221 @!@!@
@!@!@STARTMSG 2774:0 @!@!@
<ResourceInvariant line 30, col 1 to line 30, col 17 of module chapter05_2>
@!@!@ENDMSG 2774 @!@!@
@!@!@STARTMSG 2221:0 @!@!@
  line 30, col 22 to line 30, col 40 of module chapter05_2: 13
@!@!@ENDMSG 2221 @!@!@
@!@!@STARTMSG 2202:0 @!@!@
End of statistics.
@!@!@ENDMSG 2202 @!@!@
@!@!@STARTMSG 2200:0 @!@!@
Progress(8) at 2024-12-16 12:25:05: 13 states generated (772 s/min), 13 distinct states found (772 ds/min), 0 states left on queue.
@!@!@ENDMSG 2200 @!@!@
@!@!@STARTMSG 2199:0 @!@!@
13 states generated, 13 distinct states found, 0 states left on queue.
@!@!@ENDMSG 2199 @!@!@
@!@!@STARTMSG 2194:0 @!@!@
The depth of the complete state graph search is 8.
@!@!@ENDMSG 2194 @!@!@
@!@!@STARTMSG 2186:0 @!@!@
Finished in 1017ms at (2024-12-16 12:25:05)
@!@!@ENDMSG 2186 @!@!@
